fatal: GET con / - 17/9/2023
fatal: GET con /favicon.ico - 17/9/2023
fatal: GET con / - 17/9/2023
fatal: GET con /favicon.ico - 17/9/2023
fatal: GET con /login - 17/9/2023
fatal: GET con /login - 17/9/2023
fatal: GET con /favicon.ico - 17/9/2023
fatal: GET con /loggerTest - 17/9/2023
fatal: GET con /loggerTest - 17/9/2023
error: TEST - Debug
fatal: TEST - Debug
fatal: GET con /favicon.ico - 17/9/2023
fatal: GET con /loggerTest - 17/9/2023
error: TEST - Debug
fatal: TEST - Debug
fatal: GET con /favicon.ico - 17/9/2023
fatal: GET con / - 17/9/2023
fatal: GET con /favicon.ico - 17/9/2023
fatal: GET con / - 17/9/2023
fatal: GET con /favicon.ico - 17/9/2023
fatal: GET con / - 17/9/2023
fatal: GET con /favicon.ico - 17/9/2023
fatal: GET con / - 17/9/2023
fatal: GET con /favicon.ico - 17/9/2023
fatal: GET con / - 17/9/2023
fatal: GET con /favicon.ico - 17/9/2023
fatal: GET con / - 17/9/2023
fatal: GET con /favicon.ico - 17/9/2023
fatal: GET con / - 17/9/2023
fatal: GET con /favicon.ico - 17/9/2023
fatal: GET con / - 17/9/2023
fatal: GET con /favicon.ico - 17/9/2023
fatal: GET con / - 17/9/2023
fatal: GET con /favicon.ico - 17/9/2023
fatal: GET con /home - 17/9/2023
fatal: GET con /favicon.ico - 17/9/2023
fatal: GET con /home - 17/9/2023
fatal: GET con / - 17/9/2023
fatal: GET con /favicon.ico - 17/9/2023
fatal: GET con / - 17/9/2023
fatal: GET con / - 17/9/2023
fatal: GET con / - 17/9/2023
fatal: GET con / - 17/9/2023
fatal: GET con /css/styles.css - 17/9/2023
fatal: GET con / - 17/9/2023
fatal: GET con /css/styles.css - 17/9/2023
fatal: GET con /css/styles.css - 17/9/2023
fatal: GET con / - 17/9/2023
fatal: GET con /css/styles.css - 17/9/2023
fatal: GET con / - 17/9/2023
fatal: GET con /css/styles.css - 17/9/2023
fatal: GET con /css/styles.css - 17/9/2023
fatal: GET con / - 17/9/2023
fatal: GET con /css/styles.css - 17/9/2023
fatal: GET con / - 17/9/2023
fatal: GET con /css/styles.css - 17/9/2023
fatal: GET con /login - 17/9/2023
fatal: GET con /css/styles.css - 17/9/2023
fatal: GET con /js/login.js - 17/9/2023
fatal: GET con /loggerTest - 17/9/2023
error: TEST - Debug
fatal: TEST - Debug
fatal: GET con / - 17/9/2023
fatal: GET con /css/styles.css - 17/9/2023
fatal: GET con /favicon.ico - 17/9/2023
fatal: GET con / - 17/9/2023
fatal: GET con /css/styles.css - 17/9/2023
fatal: GET con /favicon.ico - 17/9/2023
fatal: GET con / - 17/9/2023
fatal: GET con /css/styles.css - 17/9/2023
fatal: GET con /favicon.ico - 17/9/2023
fatal: GET con / - 17/9/2023
fatal: GET con /css/styles.css - 17/9/2023
fatal: GET con /favicon.ico - 17/9/2023
fatal: GET con / - 17/9/2023
fatal: GET con /css/styles.css - 17/9/2023
fatal: GET con /favicon.ico - 17/9/2023
fatal: GET con / - 17/9/2023
fatal: GET con /css/styles.css - 17/9/2023
fatal: GET con /favicon.ico - 17/9/2023
fatal: GET con / - 17/9/2023
fatal: GET con /css/styles.css - 17/9/2023
fatal: GET con /favicon.ico - 17/9/2023
fatal: GET con / - 17/9/2023
fatal: GET con /css/styles.css - 17/9/2023
fatal: GET con /favicon.ico - 17/9/2023
fatal: GET con / - 17/9/2023
fatal: GET con /css/styles.css - 17/9/2023
fatal: GET con / - 17/9/2023
fatal: GET con /css/styles.css - 17/9/2023
fatal: GET con / - 18/9/2023
fatal: GET con /css/styles.css - 18/9/2023
fatal: GET con /favicon.ico - 18/9/2023
fatal: GET con / - 18/9/2023
fatal: GET con /css/styles.css - 18/9/2023
fatal: GET con /favicon.ico - 18/9/2023
fatal: GET con /login - 18/9/2023
fatal: GET con /css/styles.css - 18/9/2023
fatal: GET con /js/login.js - 18/9/2023
fatal: GET con /favicon.ico - 18/9/2023
fatal: POST con /api/session/login - 18/9/2023
fatal: POST con /api/session/login - 18/9/2023
fatal: GET con /css/styles.css - 18/9/2023
fatal: POST con /api/session/login - 18/9/2023
fatal: GET con / - 18/9/2023
fatal: GET con /css/styles.css - 18/9/2023
fatal: GET con /favicon.ico - 18/9/2023
fatal: GET con /user - 18/9/2023
fatal: GET con /css/styles.css - 18/9/2023
fatal: GET con /js/logout.js - 18/9/2023
fatal: GET con /favicon.ico - 18/9/2023
fatal: POST con /api/session/logout - 18/9/2023
fatal: GET con /login - 18/9/2023
fatal: GET con /css/styles.css - 18/9/2023
fatal: GET con /js/login.js - 18/9/2023
fatal: GET con /favicon.ico - 18/9/2023
fatal: GET con /register - 18/9/2023
fatal: GET con /css/styles.css - 18/9/2023
fatal: GET con /js/register.js - 18/9/2023
fatal: GET con /favicon.ico - 18/9/2023
fatal: POST con /api/session/register - 18/9/2023
fatal: GET con / - 18/9/2023
fatal: GET con /css/styles.css - 18/9/2023
fatal: GET con /favicon.ico - 18/9/2023
